1678181810: mosquitto version 2.0.15 starting
1678181810: Config loaded from /mosquitto/config/mosquitto.conf.
1678181810: Opening websockets listen socket on port 1883.
1678181810: mosquitto version 2.0.15 running
1678181811: mosquitto version 2.0.15 terminating
1678181811: Saving in-memory database to /mosquitto/data//mosquitto.db.
1678181814: mosquitto version 2.0.15 starting
1678181814: Config loaded from /mosquitto/config/mosquitto.conf.
1678181814: Opening websockets listen socket on port 1883.
1678181814: mosquitto version 2.0.15 running
1678181859: New client connected from ::ffff:172.21.0.1:59350 as mqttjs_805cb877 (p2, c1, k60).
1678181862: New client connected from ::ffff:172.21.0.1:50616 as mqttjs_cf9bba49 (p2, c1, k60).
1678181888: Client <unknown> closed its connection.
1678181897: Client <unknown> closed its connection.
1678181909: Client mqttjs_cf9bba49 closed its connection.
1678181911: Client mqttjs_805cb877 closed its connection.
1678183615: Saving in-memory database to /mosquitto/data//mosquitto.db.
1678184048: mosquitto version 2.0.15 terminating
1678184048: Saving in-memory database to /mosquitto/data//mosquitto.db.
1678185370: mosquitto version 2.0.15 starting
1678185370: Config loaded from /mosquitto/config/mosquitto.conf.
1678185370: Opening websockets listen socket on port 1883.
1678185370: mosquitto version 2.0.15 running
1678185385: New client connected from ::ffff:172.21.0.1:49630 as mqttjs_c1ac108c (p2, c1, k60).
1678185481: Client mqttjs_c1ac108c closed its connection.
1678185484: New client connected from ::ffff:172.21.0.1:47974 as mqttjs_3062f3a2 (p2, c1, k60).
1678185507: Client mqttjs_3062f3a2 closed its connection.
1678185584: Client <unknown> closed its connection.
1678185604: New client connected from ::ffff:172.21.0.1:46774 as mqttjs_81a2b37b (p2, c1, k60).
1678185604: Client mqttjs_81a2b37b closed its connection.
1678185609: mosquitto version 2.0.15 terminating
1678185609: Saving in-memory database to /mosquitto/data//mosquitto.db.
1678185616: mosquitto version 2.0.15 starting
1678185616: Config loaded from /mosquitto/config/mosquitto.conf.
1678185616: Opening websockets listen socket on port 1883.
1678185616: mosquitto version 2.0.15 running
1678185654: New client connected from ::ffff:172.21.0.1:57360 as mqttjs_eeb2c426 (p2, c1, k60).
1678185811: mosquitto version 2.0.15 terminating
1678185811: Saving in-memory database to /mosquitto/data//mosquitto.db.
1678185811: Client mqttjs_eeb2c426 closed its connection.
1678185815: mosquitto version 2.0.15 starting
1678185815: Config loaded from /mosquitto/config/mosquitto.conf.
1678185815: Opening websockets listen socket on port 1883.
1678185815: mosquitto version 2.0.15 running
1678185815: New client connected from ::ffff:172.21.0.1:35512 as mqttjs_eeb2c426 (p2, c1, k60).
1678185820: Client mqttjs_eeb2c426 closed its connection.
1678185822: New client connected from ::ffff:172.21.0.1:49870 as mqttjs_7c9c38b8 (p2, c1, k60).
1678185885: mosquitto version 2.0.15 terminating
1678185885: Saving in-memory database to /mosquitto/data//mosquitto.db.
1678185885: Client mqttjs_7c9c38b8 closed its connection.
1678185889: mosquitto version 2.0.15 starting
1678185889: Config loaded from /mosquitto/config/mosquitto.conf.
1678185889: Opening websockets listen socket on port 1883.
1678185889: mosquitto version 2.0.15 running
1678185890: New client connected from ::ffff:172.21.0.1:44960 as mqttjs_7c9c38b8 (p2, c1, k60).
1678185893: Client mqttjs_7c9c38b8 closed its connection.
1678185895: New client connected from ::ffff:172.21.0.1:44968 as mqttjs_cc0abdd7 (p2, c1, k60).
1678185917: Client mqttjs_cc0abdd7 closed its connection.
1678185919: New client connected from ::ffff:172.21.0.1:53270 as mqttjs_5a7202d9 (p2, c1, k60).
1678185954: mosquitto version 2.0.15 terminating
1678185954: Saving in-memory database to /mosquitto/data//mosquitto.db.
1678185954: Client mqttjs_5a7202d9 closed its connection.
1678185958: mosquitto version 2.0.15 starting
1678185958: Config loaded from /mosquitto/config/mosquitto.conf.
1678185958: Opening websockets listen socket on port 1883.
1678185958: mosquitto version 2.0.15 running
1678185959: New client connected from ::ffff:172.21.0.1:42330 as mqttjs_5a7202d9 (p2, c1, k60).
1678185960: Client mqttjs_5a7202d9 closed its connection.
1678185962: New client connected from ::ffff:172.21.0.1:42334 as mqttjs_9110bc29 (p2, c1, k60).
1678186444: mosquitto version 2.0.15 terminating
1678186444: Saving in-memory database to /mosquitto/data//mosquitto.db.
1678186444: Client mqttjs_9110bc29 closed its connection.
1678186447: mosquitto version 2.0.15 starting
1678186447: Config loaded from /mosquitto/config/mosquitto.conf.
1678186447: Opening websockets listen socket on port 1883.
1678186447: mosquitto version 2.0.15 running
1678186449: New client connected from ::ffff:172.21.0.1:34784 as mqttjs_9110bc29 (p2, c1, k60).
1678186450: Client mqttjs_9110bc29 closed its connection.
1678186452: New client connected from ::ffff:172.21.0.1:34786 as mqttjs_860a8561 (p2, c1, k60).
1678186670: New client connected from ::ffff:172.21.0.1:50720 as mqttjs_8854969b (p2, c1, k60, u'thijs').
1678186682: New client connected from ::ffff:172.21.0.1:33392 as mqttjs_2292bd56 (p2, c1, k60).
1678186683: Client mqttjs_2292bd56 closed its connection.
1678186915: Client mqttjs_860a8561 closed its connection.
1678186936: Client mqttjs_8854969b closed its connection.
1678186937: New client connected from ::ffff:172.21.0.1:40112 as mqttjs_8854969b (p2, c1, k60, u'thijs').
1678186941: Client mqttjs_8854969b closed its connection.
1678186944: New client connected from ::ffff:172.21.0.1:57538 as mqttjs_8f349567 (p2, c1, k60).
1678187064: New client connected from ::ffff:172.21.0.1:58986 as mqttjs_860a8561 (p2, c1, k60).
1678187124: Client mqttjs_860a8561 closed its connection.
1678187184: New client connected from ::ffff:172.21.0.1:41834 as mqttjs_860a8561 (p2, c1, k60).
1678187216: Client mqttjs_8f349567 closed its connection.
1678187221: New client connected from ::ffff:172.21.0.1:55150 as mqttjs_a1c36b11 (p2, c1, k60).
1678187244: Client mqttjs_860a8561 closed its connection.
1678187254: Client mqttjs_a1c36b11 closed its connection.
1678187257: New client connected from ::ffff:172.21.0.1:53314 as mqttjs_93db24ed (p2, c1, k60).
1678187274: Client mqttjs_93db24ed closed its connection.
1678187276: New client connected from ::ffff:172.21.0.1:51592 as mqttjs_8ed46eb9 (p2, c1, k60).
1678187295: Client mqttjs_8ed46eb9 closed its connection.
1678187297: New client connected from ::ffff:172.21.0.1:34926 as mqttjs_4a2f3972 (p2, c1, k60).
1678187304: New client connected from ::ffff:172.21.0.1:55972 as mqttjs_860a8561 (p2, c1, k60).
1678187339: Client mqttjs_4a2f3972 closed its connection.
1678187342: New client connected from ::ffff:172.21.0.1:38402 as mqttjs_1069ca92 (p2, c1, k60).
1678187345: Client mqttjs_1069ca92 closed its connection.
1678187347: New client connected from ::ffff:172.21.0.1:38418 as mqttjs_93a5870e (p2, c1, k60).
1678187364: Client mqttjs_860a8561 closed its connection.
1678187424: New client connected from ::ffff:172.21.0.1:56390 as mqttjs_860a8561 (p2, c1, k60).
1678187444: Client mqttjs_93a5870e closed its connection.
1678187446: New client connected from ::ffff:172.21.0.1:40390 as mqttjs_c3bec555 (p2, c1, k60).
1678187484: Client mqttjs_860a8561 closed its connection.
1678187514: Client mqttjs_c3bec555 closed its connection.
1678187516: New client connected from ::ffff:172.21.0.1:37304 as mqttjs_dde07e22 (p2, c1, k60).
1678187524: New client connected from ::ffff:172.21.0.1:60810 as mqttjs_021851bc (p2, c1, k60).
1678187535: Client mqttjs_021851bc closed its connection.
1678187544: New client connected from ::ffff:172.21.0.1:37978 as mqttjs_860a8561 (p2, c1, k60).
1678187564: Client mqttjs_dde07e22 closed its connection.
1678187566: New client connected from ::ffff:172.21.0.1:34170 as mqttjs_6dd9deab (p2, c1, k60).
1678187576: Client mqttjs_6dd9deab closed its connection.
1678187578: New client connected from ::ffff:172.21.0.1:36672 as mqttjs_2e6e63d9 (p2, c1, k60).
1678187589: Client mqttjs_2e6e63d9 closed its connection.
1678187591: Client <unknown> closed its connection.
1678187601: New client connected from ::ffff:172.21.0.1:51404 as mqttjs_339f21bb (p2, c1, k60).
1678187604: Client mqttjs_860a8561 closed its connection.
1678187664: New client connected from ::ffff:172.21.0.1:33044 as mqttjs_860a8561 (p2, c1, k60).
1678187700: mosquitto version 2.0.15 terminating
1678187700: Saving in-memory database to /mosquitto/data//mosquitto.db.
1678187700: Client mqttjs_860a8561 closed its connection.
1678187700: Client mqttjs_339f21bb closed its connection.
1678187713: mosquitto version 2.0.15 starting
1678187713: Config loaded from /mosquitto/config/mosquitto.conf.
1678187713: Opening websockets listen socket on port 1883.
1678187713: mosquitto version 2.0.15 running
1678187716: New client connected from ::ffff:172.21.0.1:59674 as mqttjs_339f21bb (p2, c1, k60).
1678187734: Client mqttjs_339f21bb closed its connection.
1678187736: New client connected from ::ffff:172.21.0.1:34930 as mqttjs_57786708 (p2, c1, k60).
1678187741: Client mqttjs_57786708 closed its connection.
1678187749: Client <unknown> closed its connection.
1678187784: New client connected from ::ffff:172.21.0.1:47144 as mqttjs_860a8561 (p2, c1, k60).
1678187796: Client mqttjs_860a8561 closed its connection.
1678187868: New client connected from ::ffff:172.21.0.1:38404 as mqttjs_860a8561 (p2, c1, k60).
1678187870: Client mqttjs_860a8561 closed its connection.
1678187872: New client connected from ::ffff:172.21.0.1:35602 as mqttjs_c21499a0 (p2, c1, k60).
1678187882: Client mqttjs_c21499a0 closed its connection.
1678187972: New client connected from ::ffff:172.21.0.1:46368 as mqttjs_7db3dda2 (p2, c1, k60).
1678187991: Client mqttjs_7db3dda2 closed its connection.
1678187994: New client connected from ::ffff:172.21.0.1:58176 as mqttjs_ff92ffed (p2, c1, k60).
1678188025: Client mqttjs_ff92ffed closed its connection.
1678188026: New client connected from ::ffff:172.21.0.1:33120 as mqttjs_33b1a05b (p2, c1, k60).
1678188034: Client mqttjs_33b1a05b closed its connection.
1678188035: New client connected from ::ffff:172.21.0.1:36458 as mqttjs_646266b5 (p2, c1, k60).
1678188283: Client mqttjs_646266b5 closed its connection.
1678188288: New client connected from ::ffff:172.21.0.1:50056 as mqttjs_2d76fbe4 (p2, c1, k60).
1678188301: Client mqttjs_2d76fbe4 closed its connection.
1678188303: New client connected from ::ffff:172.21.0.1:41546 as mqttjs_2abeb4cb (p2, c1, k60).
1678188310: Client mqttjs_2abeb4cb closed its connection.
1678188313: New client connected from ::ffff:172.21.0.1:36634 as mqttjs_560d36df (p2, c1, k60).
1678188449: Client mqttjs_560d36df closed its connection.
1678188450: New client connected from ::ffff:172.21.0.1:51084 as mqttjs_75d5f9ae (p2, c1, k60).
1678188541: Client mqttjs_75d5f9ae closed its connection.
1678188543: New client connected from ::ffff:172.21.0.1:46176 as mqttjs_3e8128f4 (p2, c1, k60).
1678188875: mosquitto version 2.0.15 terminating
1678188875: Saving in-memory database to /mosquitto/data//mosquitto.db.
1678188875: Client mqttjs_3e8128f4 closed its connection.
1678188878: mosquitto version 2.0.15 starting
1678188878: Config loaded from /mosquitto/config/mosquitto.conf.
1678188878: Opening websockets listen socket on port 1883.
1678188878: mosquitto version 2.0.15 running
1678188879: New client connected from ::ffff:172.21.0.1:54790 as mqttjs_3e8128f4 (p2, c1, k60).
1678188882: Client mqttjs_3e8128f4 closed its connection.
1678188935: mosquitto version 2.0.15 terminating
1678188935: Saving in-memory database to /mosquitto/data//mosquitto.db.
1678188938: mosquitto version 2.0.15 starting
1678188938: Config loaded from /mosquitto/config/mosquitto.conf.
1678188938: Opening websockets listen socket on port 1883.
1678188938: mosquitto version 2.0.15 running
1678189039: New client connected from ::ffff:172.21.0.1:39222 as mqttjs_28c5e1e5 (p2, c1, k60).
1678189040: Client mqttjs_28c5e1e5 closed its connection.
1678189042: New client connected from ::ffff:172.21.0.1:33164 as mqttjs_9be65eaf (p2, c1, k60).
1678189048: Client mqttjs_9be65eaf closed its connection.
1678189056: New client connected from ::ffff:172.21.0.1:33168 as mqttjs_fa9acbf2 (p2, c1, k60).
1678189056: Client mqttjs_fa9acbf2 closed its connection.
1678189087: mosquitto version 2.0.15 terminating
1678189087: Saving in-memory database to /mosquitto/data//mosquitto.db.
1678189087: Client <unknown> closed its connection.
1678189101: mosquitto version 2.0.15 starting
1678189101: Config loaded from /mosquitto/config/mosquitto.conf.
1678189101: Opening websockets listen socket on port 1883.
1678189101: mosquitto version 2.0.15 running
1678189110: New client connected from ::ffff:172.21.0.1:45694 as mqttjs_2f94d717 (p2, c1, k60).
1678189110: Client mqttjs_2f94d717 closed its connection.
1678189118: New client connected from ::ffff:172.21.0.1:38298 as mqttjs_15af8c28 (p2, c1, k60).
1678189119: Client mqttjs_15af8c28 closed its connection.
1678189197: mosquitto version 2.0.15 terminating
1678189197: Saving in-memory database to /mosquitto/data//mosquitto.db.
1678189207: mosquitto version 2.0.15 starting
1678189207: Config loaded from /mosquitto/config/mosquitto.conf.
1678189207: Opening websockets listen socket on port 1883.
1678189207: mosquitto version 2.0.15 running
1678189230: mosquitto version 2.0.15 terminating
1678189230: Saving in-memory database to /mosquitto/data//mosquitto.db.
1678189248: mosquitto version 2.0.15 starting
1678189248: Config loaded from /mosquitto/config/mosquitto.conf.
1678189248: Opening websockets listen socket on port 1883.
1678189248: mosquitto version 2.0.15 running
1678189285: mosquitto version 2.0.15 terminating
1678189285: Saving in-memory database to /mosquitto/data//mosquitto.db.
1678189287: mosquitto version 2.0.15 starting
1678189287: Config loaded from /mosquitto/config/mosquitto.conf.
1678189287: Opening websockets listen socket on port 1883.
1678189287: mosquitto version 2.0.15 running
1678189371: mosquitto version 2.0.15 terminating
1678189371: Saving in-memory database to /mosquitto/data//mosquitto.db.
1678189374: mosquitto version 2.0.15 starting
1678189374: Config loaded from /mosquitto/config/mosquitto.conf.
1678189374: Opening websockets listen socket on port 1883.
1678189374: mosquitto version 2.0.15 running
1678189579: mosquitto version 2.0.15 terminating
1678189579: Saving in-memory database to /mosquitto/data//mosquitto.db.
1678189581: mosquitto version 2.0.15 starting
1678189581: Config loaded from /mosquitto/config/mosquitto.conf.
1678189581: Opening websockets listen socket on port 1883.
1678189581: mosquitto version 2.0.15 running
1678189646: mosquitto version 2.0.15 terminating
1678189646: Saving in-memory database to /mosquitto/data//mosquitto.db.
1678189649: mosquitto version 2.0.15 starting
1678189649: Config loaded from /mosquitto/config/mosquitto.conf.
1678189649: Opening websockets listen socket on port 1883.
1678189649: mosquitto version 2.0.15 running
1678189690: mosquitto version 2.0.15 terminating
1678189690: Saving in-memory database to /mosquitto/data//mosquitto.db.
1678189693: mosquitto version 2.0.15 starting
1678189693: Config loaded from /mosquitto/config/mosquitto.conf.
1678189693: Opening websockets listen socket on port 1883.
1678189693: mosquitto version 2.0.15 running
1678189750: mosquitto version 2.0.15 terminating
1678189750: Saving in-memory database to /mosquitto/data//mosquitto.db.
1678189753: mosquitto version 2.0.15 starting
1678189753: Config loaded from /mosquitto/config/mosquitto.conf.
1678189753: Opening websockets listen socket on port 1883.
1678189753: mosquitto version 2.0.15 running
1678189832: mosquitto version 2.0.15 terminating
1678189832: Saving in-memory database to /mosquitto/data//mosquitto.db.
1678189866: mosquitto version 2.0.15 starting
1678189866: Config loaded from /mosquitto/config/mosquitto.conf.
1678189866: Opening websockets listen socket on port 1883.
1678189866: mosquitto version 2.0.15 running
1678189880: mosquitto version 2.0.15 terminating
1678189880: Saving in-memory database to /mosquitto/data//mosquitto.db.
1678189882: mosquitto version 2.0.15 starting
1678189882: Config loaded from /mosquitto/config/mosquitto.conf.
1678189882: Opening websockets listen socket on port 1883.
1678189882: mosquitto version 2.0.15 running
1678189897: mosquitto version 2.0.15 terminating
1678189897: Saving in-memory database to /mosquitto/data//mosquitto.db.
1678189899: mosquitto version 2.0.15 starting
1678189899: Config loaded from /mosquitto/config/mosquitto.conf.
1678189899: Opening websockets listen socket on port 1883.
1678189899: mosquitto version 2.0.15 running
1678190078: mosquitto version 2.0.15 terminating
1678190078: Saving in-memory database to /mosquitto/data//mosquitto.db.
1678190081: mosquitto version 2.0.15 starting
1678190081: Config loaded from /mosquitto/config/mosquitto.conf.
1678190081: Opening websockets listen socket on port 1883.
1678190081: mosquitto version 2.0.15 running
1678190094: mosquitto version 2.0.15 terminating
1678190094: Saving in-memory database to /mosquitto/data//mosquitto.db.
1678190097: mosquitto version 2.0.15 starting
1678190097: Config loaded from /mosquitto/config/mosquitto.conf.
1678190097: Opening websockets listen socket on port 1883.
1678190097: mosquitto version 2.0.15 running
1678191897: Saving in-memory database to /mosquitto/data//mosquitto.db.
1678193698: Saving in-memory database to /mosquitto/data//mosquitto.db.
1678194299: mosquitto version 2.0.15 terminating
1678194299: Saving in-memory database to /mosquitto/data//mosquitto.db.
1678195765: mosquitto version 2.0.15 starting
1678195765: Config loaded from /mosquitto/config/mosquitto.conf.
1678195765: Opening websockets listen socket on port 1883.
1678195765: mosquitto version 2.0.15 running
1678195882: mosquitto version 2.0.15 terminating
1678195882: Saving in-memory database to /mosquitto/data//mosquitto.db.
1678195885: mosquitto version 2.0.15 starting
1678195885: Config loaded from /mosquitto/config/mosquitto.conf.
1678195885: Opening websockets listen socket on port 1883.
1678195885: mosquitto version 2.0.15 running
1678195932: mosquitto version 2.0.15 terminating
1678195932: Saving in-memory database to /mosquitto/data//mosquitto.db.
1678196470: mosquitto version 2.0.15 starting
1678196470: Config loaded from /mosquitto/config/mosquitto.conf.
1678196470: Opening websockets listen socket on port 1883.
1678196470: mosquitto version 2.0.15 running
1678196870: mosquitto version 2.0.15 terminating
1678196870: Saving in-memory database to /mosquitto/data//mosquitto.db.
1678196873: mosquitto version 2.0.15 starting
1678196873: Config loaded from /mosquitto/config/mosquitto.conf.
1678196873: Opening websockets listen socket on port 1883.
1678196873: mosquitto version 2.0.15 running
1678196935: mosquitto version 2.0.15 terminating
1678196935: Saving in-memory database to /mosquitto/data//mosquitto.db.
1678200020: mosquitto version 2.0.15 starting
1678200020: Config loaded from /mosquitto/config/mosquitto.conf.
1678200020: Opening websockets listen socket on port 1883.
1678200020: mosquitto version 2.0.15 running
1678200028: mosquitto version 2.0.15 terminating
1678200028: Saving in-memory database to /mosquitto/data//mosquitto.db.
1678200034: mosquitto version 2.0.15 starting
1678200034: Config loaded from /mosquitto/config/mosquitto.conf.
1678200034: Opening websockets listen socket on port 1883.
1678200034: mosquitto version 2.0.15 running
1678200111: New client connected from ::ffff:172.21.0.1:33884 as mqttjs_8da21a27 (p2, c1, k60).
1678200774: Client mqttjs_8da21a27 closed its connection.
1678200775: New client connected from ::ffff:172.21.0.1:47092 as mqttjs_17bb52f3 (p2, c1, k60).
